Traceback (most recent call last):
  File "/home/hqin/.local/lib/python3.8/site-packages/jupyter_cache/executors/utils.py", line 58, in single_nb_execution
    executenb(
  File "/software/python-anaconda-2020.11-el8-x86_64/lib/python3.8/site-packages/nbclient/client.py", line 1204, in execute
    return NotebookClient(nb=nb, resources=resources, km=km, **kwargs).execute()
  File "/software/python-anaconda-2020.11-el8-x86_64/lib/python3.8/site-packages/nbclient/util.py", line 84, in wrapped
    return just_run(coro(*args, **kwargs))
  File "/software/python-anaconda-2020.11-el8-x86_64/lib/python3.8/site-packages/nbclient/util.py", line 62, in just_run
    return loop.run_until_complete(coro)
  File "/software/python-anaconda-2020.11-el8-x86_64/lib/python3.8/asyncio/base_events.py", line 616, in run_until_complete
    return future.result()
  File "/software/python-anaconda-2020.11-el8-x86_64/lib/python3.8/site-packages/nbclient/client.py", line 663, in async_execute
    await self.async_execute_cell(
  File "/software/python-anaconda-2020.11-el8-x86_64/lib/python3.8/site-packages/nbclient/client.py", line 965, in async_execute_cell
    await self._check_raise_for_error(cell, cell_index, exec_reply)
  File "/software/python-anaconda-2020.11-el8-x86_64/lib/python3.8/site-packages/nbclient/client.py", line 862, in _check_raise_for_error
    raise CellExecutionError.from_cell_and_msg(cell, exec_reply_content)
nbclient.exceptions.CellExecutionError: An error occurred while executing the following cell:
------------------
## Import packages 
# TO DO: Uncomment lines for cloning github packages when running on Google Colab

import os
import sys
workdir = os.getcwd()
# !git clone https://github.com/lphansen/RiskUncertaintyValue # Uncomment this when running on Google Colab
# workdir = os.getcwd() + '/RiskUncertaintyValue'             # Uncomment this when running on Google Colab
sys.path.insert(0, workdir+'/src')                        
import numpy as np
import autograd.numpy as anp
from scipy import optimize
np.set_printoptions(suppress=True)
np.set_printoptions(linewidth=200)
from IPython.display import display, HTML
from BY_example_sol import disp
display(HTML("<style>.container { width:97% !important; }</style>"))
import warnings
warnings.filterwarnings("ignore")

from lin_quad import LinQuadVar
from lin_quad_util import E, concat, next_period, cal_E_ww, lq_sum, N_tilde_measure, E_N_tp1
from uncertain_expansion import uncertain_expansion
np.set_printoptions(suppress=True)
------------------

[0;31m---------------------------------------------------------------------------[0m
[0;31mModuleNotFoundError[0m                       Traceback (most recent call last)
Cell [0;32mIn[1], line 16[0m
[1;32m     14[0m np[38;5;241m.[39mset_printoptions(linewidth[38;5;241m=[39m[38;5;241m200[39m)
[1;32m     15[0m [38;5;28;01mfrom[39;00m [38;5;21;01mIPython[39;00m[38;5;21;01m.[39;00m[38;5;21;01mdisplay[39;00m [38;5;28;01mimport[39;00m display, HTML
[0;32m---> 16[0m [38;5;28;01mfrom[39;00m [38;5;21;01mBY_example_sol[39;00m [38;5;28;01mimport[39;00m disp
[1;32m     17[0m display(HTML([38;5;124m"[39m[38;5;124m<style>.container [39m[38;5;124m{[39m[38;5;124m width:97[39m[38;5;124m%[39m[38;5;124m !important; }</style>[39m[38;5;124m"[39m))
[1;32m     18[0m [38;5;28;01mimport[39;00m [38;5;21;01mwarnings[39;00m

[0;31mModuleNotFoundError[0m: No module named 'BY_example_sol'
ModuleNotFoundError: No module named 'BY_example_sol'

